This file contains any messages produced by compilers while
running configure, to aid debugging if configure makes a mistake.

It was created by protobuf-ml configure 1.0, which was
generated by GNU Autoconf 2.69.  Invocation command line was

  $ ./configure CC=clang CXX=clang++ CXXFLAGS=-stdlib=libc++ -O3 -g

## --------- ##
## Platform. ##
## --------- ##

hostname = did23.sid.private.cam.ac.uk
uname -m = x86_64
uname -r = 14.5.0
uname -s = Darwin
uname -v = Darwin Kernel Version 14.5.0: Wed Jul 29 02:26:53 PDT 2015; root:xnu-2782.40.9~1/RELEASE_X86_64

/usr/bin/uname -p = i386
/bin/uname -X     = unknown

/bin/arch              = unknown
/usr/bin/arch -k       = unknown
/usr/convex/getsysinfo = unknown
/usr/bin/hostinfo      = Mach kernel version:
	 Darwin Kernel Version 14.5.0: Wed Jul 29 02:26:53 PDT 2015; root:xnu-2782.40.9~1/RELEASE_X86_64
Kernel configured for up to 4 processors.
2 processors are physically available.
4 processors are logically available.
Processor type: i486 (Intel 80486)
Processors active: 0 1 2 3
Primary memory available: 4.00 gigabytes
Default processor set: 175 tasks, 1212 threads, 4 processors
Load average: 1.20, Mach factor: 2.79
/bin/machine           = unknown
/usr/bin/oslevel       = unknown
/bin/universe          = unknown

PATH: /opt/local/bin
PATH: /opt/local/sbin
PATH: /Users/dariadicu/.opam/system/bin
PATH: /usr/local/bin
PATH: /usr/bin
PATH: /bin
PATH: /usr/sbin
PATH: /sbin
PATH: /opt/X11/bin
PATH: /Library/TeX/texbin


## ----------- ##
## Core tests. ##
## ----------- ##

configure:2502: checking build system type
configure:2516: result: x86_64-apple-darwin14.5.0
configure:2536: checking host system type
configure:2549: result: x86_64-apple-darwin14.5.0
configure:2569: checking target system type
configure:2582: result: x86_64-apple-darwin14.5.0
configure:2624: checking for a BSD-compatible install
configure:2692: result: /usr/bin/install -c
configure:2703: checking whether build environment is sane
configure:2758: result: yes
configure:2909: checking for a thread-safe mkdir -p
configure:2948: result: ./install-sh -c -d
configure:2955: checking for gawk
configure:2985: result: no
configure:2955: checking for mawk
configure:2985: result: no
configure:2955: checking for nawk
configure:2985: result: no
configure:2955: checking for awk
configure:2971: found /usr/bin/awk
configure:2982: result: awk
configure:2993: checking whether make sets $(MAKE)
configure:3015: result: yes
configure:3044: checking whether make supports nested variables
configure:3061: result: yes
configure:3237: checking for gcc
configure:3264: result: clang
configure:3493: checking for C compiler version
configure:3502: clang --version >&5
Apple LLVM version 7.0.2 (clang-700.1.81)
Target: x86_64-apple-darwin14.5.0
Thread model: posix
configure:3513: $? = 0
configure:3502: clang -v >&5
Apple LLVM version 7.0.2 (clang-700.1.81)
Target: x86_64-apple-darwin14.5.0
Thread model: posix
configure:3513: $? = 0
configure:3502: clang -V >&5
clang: error: argument to '-V' is missing (expected 1 value)
clang: error: no input files
configure:3513: $? = 1
configure:3502: clang -qversion >&5
clang: error: unknown argument: '-qversion'
clang: error: no input files
configure:3513: $? = 1
configure:3533: checking whether the C compiler works
configure:3555: clang    conftest.c  >&5
configure:3559: $? = 0
configure:3607: result: yes
configure:3610: checking for C compiler default output file name
configure:3612: result: a.out
configure:3618: checking for suffix of executables
configure:3625: clang -o conftest    conftest.c  >&5
configure:3629: $? = 0
configure:3651: result: 
configure:3673: checking whether we are cross compiling
configure:3681: clang -o conftest    conftest.c  >&5
configure:3685: $? = 0
configure:3692: ./conftest
configure:3696: $? = 0
configure:3711: result: no
configure:3716: checking for suffix of object files
configure:3738: clang -c   conftest.c >&5
configure:3742: $? = 0
configure:3763: result: o
configure:3767: checking whether we are using the GNU C compiler
configure:3786: clang -c   conftest.c >&5
configure:3786: $? = 0
configure:3795: result: yes
configure:3804: checking whether clang accepts -g
configure:3824: clang -c -g  conftest.c >&5
configure:3824: $? = 0
configure:3865: result: yes
configure:3882: checking for clang option to accept ISO C89
configure:3945: clang  -c -g -O2  conftest.c >&5
configure:3945: $? = 0
configure:3958: result: none needed
configure:3983: checking whether clang understands -c and -o together
configure:4005: clang -c conftest.c -o conftest2.o
configure:4008: $? = 0
configure:4005: clang -c conftest.c -o conftest2.o
configure:4008: $? = 0
configure:4020: result: yes
configure:4048: checking for style of include used by make
configure:4076: result: GNU
configure:4102: checking dependency style of clang
configure:4213: result: gcc3
configure:4340: checking for C++ compiler version
configure:4349: clang++ --version >&5
Apple LLVM version 7.0.2 (clang-700.1.81)
Target: x86_64-apple-darwin14.5.0
Thread model: posix
configure:4360: $? = 0
configure:4349: clang++ -v >&5
Apple LLVM version 7.0.2 (clang-700.1.81)
Target: x86_64-apple-darwin14.5.0
Thread model: posix
configure:4360: $? = 0
configure:4349: clang++ -V >&5
clang: error: argument to '-V' is missing (expected 1 value)
clang: error: no input files
configure:4360: $? = 1
configure:4349: clang++ -qversion >&5
clang: error: unknown argument: '-qversion'
clang: error: no input files
configure:4360: $? = 1
configure:4364: checking whether we are using the GNU C++ compiler
configure:4383: clang++ -c -stdlib=libc++ -O3 -g  conftest.cpp >&5
configure:4383: $? = 0
configure:4392: result: yes
configure:4401: checking whether clang++ accepts -g
configure:4421: clang++ -c -g  conftest.cpp >&5
configure:4421: $? = 0
configure:4462: result: yes
configure:4487: checking dependency style of clang++
configure:4598: result: gcc3
configure:4620: checking C++ compiler flags...
configure:4631: result: use user-supplied: -stdlib=libc++ -O3 -g
configure:4682: checking how to print strings
configure:4709: result: printf
configure:4730: checking for a sed that does not truncate output
configure:4794: result: /usr/bin/sed
configure:4812: checking for grep that handles long lines and -e
configure:4870: result: /usr/bin/grep
configure:4875: checking for egrep
configure:4937: result: /usr/bin/grep -E
configure:4942: checking for fgrep
configure:5004: result: /usr/bin/grep -F
configure:5039: checking for ld used by clang
configure:5106: result: /Applications/Xcode.app/Contents/Developer/Toolchains/XcodeDefault.xctoolchain/usr/bin/ld
configure:5113: checking if the linker (/Applications/Xcode.app/Contents/Developer/Toolchains/XcodeDefault.xctoolchain/usr/bin/ld) is GNU ld
configure:5128: result: no
configure:5140: checking for BSD- or MS-compatible name lister (nm)
configure:5194: result: /usr/bin/nm
configure:5324: checking the name lister (/usr/bin/nm) interface
configure:5331: clang++ -c -stdlib=libc++ -O3 -g  conftest.cpp >&5
configure:5334: /usr/bin/nm "conftest.o"
configure:5337: output
00000000000001fc S _some_variable
configure:5344: result: BSD nm
configure:5347: checking whether ln -s works
configure:5351: result: yes
configure:5359: checking the maximum length of command line arguments
configure:5490: result: 196608
configure:5538: checking how to convert x86_64-apple-darwin14.5.0 file names to x86_64-apple-darwin14.5.0 format
configure:5578: result: func_convert_file_noop
configure:5585: checking how to convert x86_64-apple-darwin14.5.0 file names to toolchain format
configure:5605: result: func_convert_file_noop
configure:5612: checking for /Applications/Xcode.app/Contents/Developer/Toolchains/XcodeDefault.xctoolchain/usr/bin/ld option to reload object files
configure:5619: result: -r
configure:5693: checking for objdump
configure:5723: result: no
configure:5752: checking how to recognize dependent libraries
configure:5952: result: pass_all
configure:6037: checking for dlltool
configure:6067: result: no
configure:6097: checking how to associate runtime and link libraries
configure:6124: result: printf %s\n
configure:6185: checking for ar
configure:6201: found /usr/bin/ar
configure:6212: result: ar
configure:6249: checking for archiver @FILE support
configure:6266: clang++ -c -stdlib=libc++ -O3 -g  conftest.cpp >&5
configure:6266: $? = 0
configure:6269: ar cru libconftest.a @conftest.lst >&5
ar: @conftest.lst: No such file or directory
configure:6272: $? = 1
configure:6292: result: no
configure:6350: checking for strip
configure:6366: found /usr/bin/strip
configure:6377: result: strip
configure:6449: checking for ranlib
configure:6465: found /usr/bin/ranlib
configure:6476: result: ranlib
configure:6578: checking command to parse /usr/bin/nm output from clang object
configure:6731: clang++ -c -stdlib=libc++ -O3 -g  conftest.cpp >&5
configure:6734: $? = 0
configure:6738: /usr/bin/nm conftest.o \| sed -n -e 's/^.*[ ]\([BCDEGRST][BCDEGRST]*\)[ ][ ]*\([_A-Za-z][_A-Za-z0-9]*\)$/\1 \2 \2/p' | sed '/ __gnu_lto/d' \> conftest.nm
configure:6741: $? = 0
cannot find nm_test_var in conftest.nm
configure:6731: clang++ -c -stdlib=libc++ -O3 -g  conftest.cpp >&5
configure:6734: $? = 0
configure:6738: /usr/bin/nm conftest.o \| sed -n -e 's/^.*[ ]\([BCDEGRST][BCDEGRST]*\)[ ][ ]*_\([_A-Za-z][_A-Za-z0-9]*\)$/\1 _\2 \2/p' | sed '/ __gnu_lto/d' \> conftest.nm
configure:6741: $? = 0
configure:6807: clang++ -o conftest -stdlib=libc++ -O3 -g   conftest.cpp conftstm.o >&5
configure:6810: $? = 0
configure:6848: result: ok
configure:6895: checking for sysroot
configure:6925: result: no
configure:6932: checking for a working dd
configure:6970: result: /bin/dd
configure:6974: checking how to truncate binary pipes
configure:6989: result: /bin/dd bs=4096 count=1
configure:7319: checking for mt
configure:7349: result: no
configure:7369: checking if : is a manifest tool
configure:7375: : '-?'
configure:7383: result: no
configure:7439: checking for dsymutil
configure:7455: found /usr/bin/dsymutil
configure:7466: result: dsymutil
configure:7531: checking for nmedit
configure:7547: found /usr/bin/nmedit
configure:7558: result: nmedit
configure:7623: checking for lipo
configure:7639: found /usr/bin/lipo
configure:7650: result: lipo
configure:7715: checking for otool
configure:7731: found /usr/bin/otool
configure:7742: result: otool
configure:7807: checking for otool64
configure:7837: result: no
configure:7882: checking for -single_module linker flag
clang -g -O2  -o libconftest.dylib -dynamiclib -Wl,-single_module conftest.c
configure:7915: result: yes
configure:7918: checking for -exported_symbols_list linker flag
configure:7938: clang++ -o conftest -stdlib=libc++ -O3 -g   -Wl,-exported_symbols_list,conftest.sym conftest.cpp  >&5
configure:7938: $? = 0
configure:7948: result: yes
configure:7951: checking for -force_load linker flag
clang -g -O2 -c -o conftest.o conftest.c
ar cru libconftest.a conftest.o
ranlib libconftest.a
clang -g -O2  -o conftest conftest.c -Wl,-force_load,./libconftest.a
configure:7983: result: yes
configure:8060: checking how to run the C preprocessor
configure:8091: clang -E  conftest.c
configure:8091: $? = 0
configure:8105: clang -E  conftest.c
conftest.c:11:10: fatal error: 'ac_nonexistent.h' file not found
#include <ac_nonexistent.h>
         ^
1 error generated.
configure:8105: $? = 1
configure: failed program was:
| /* confdefs.h */
| #define PACKAGE_NAME "protobuf-ml"
| #define PACKAGE_TARNAME "protobuf-ml"
| #define PACKAGE_VERSION "1.0"
| #define PACKAGE_STRING "protobuf-ml 1.0"
| #define PACKAGE_BUGREPORT "daria.dicu@gmail.com"
| #define PACKAGE_URL ""
| #define PACKAGE "protobuf-ml"
| #define VERSION "1.0"
| /* end confdefs.h.  */
| #include <ac_nonexistent.h>
configure:8130: result: clang -E
configure:8150: clang -E  conftest.c
configure:8150: $? = 0
configure:8164: clang -E  conftest.c
conftest.c:11:10: fatal error: 'ac_nonexistent.h' file not found
#include <ac_nonexistent.h>
         ^
1 error generated.
configure:8164: $? = 1
configure: failed program was:
| /* confdefs.h */
| #define PACKAGE_NAME "protobuf-ml"
| #define PACKAGE_TARNAME "protobuf-ml"
| #define PACKAGE_VERSION "1.0"
| #define PACKAGE_STRING "protobuf-ml 1.0"
| #define PACKAGE_BUGREPORT "daria.dicu@gmail.com"
| #define PACKAGE_URL ""
| #define PACKAGE "protobuf-ml"
| #define VERSION "1.0"
| /* end confdefs.h.  */
| #include <ac_nonexistent.h>
configure:8193: checking for ANSI C header files
configure:8213: clang -c -g -O2  conftest.c >&5
configure:8213: $? = 0
configure:8286: clang -o conftest -g -O2   conftest.c  >&5
configure:8286: $? = 0
configure:8286: ./conftest
configure:8286: $? = 0
configure:8297: result: yes
configure:8310: checking for sys/types.h
configure:8310: clang -c -g -O2  conftest.c >&5
configure:8310: $? = 0
configure:8310: result: yes
configure:8310: checking for sys/stat.h
configure:8310: clang -c -g -O2  conftest.c >&5
configure:8310: $? = 0
configure:8310: result: yes
configure:8310: checking for stdlib.h
configure:8310: clang -c -g -O2  conftest.c >&5
configure:8310: $? = 0
configure:8310: result: yes
configure:8310: checking for string.h
configure:8310: clang -c -g -O2  conftest.c >&5
configure:8310: $? = 0
configure:8310: result: yes
configure:8310: checking for memory.h
configure:8310: clang -c -g -O2  conftest.c >&5
configure:8310: $? = 0
configure:8310: result: yes
configure:8310: checking for strings.h
configure:8310: clang -c -g -O2  conftest.c >&5
configure:8310: $? = 0
configure:8310: result: yes
configure:8310: checking for inttypes.h
configure:8310: clang -c -g -O2  conftest.c >&5
configure:8310: $? = 0
configure:8310: result: yes
configure:8310: checking for stdint.h
configure:8310: clang -c -g -O2  conftest.c >&5
configure:8310: $? = 0
configure:8310: result: yes
configure:8310: checking for unistd.h
configure:8310: clang -c -g -O2  conftest.c >&5
configure:8310: $? = 0
configure:8310: result: yes
configure:8324: checking for dlfcn.h
configure:8324: clang -c -g -O2  conftest.c >&5
configure:8324: $? = 0
configure:8324: result: yes
configure:8590: checking for objdir
configure:8605: result: .libs
configure:8869: checking if clang supports -fno-rtti -fno-exceptions
configure:8887: clang -c -g -O2  -fno-rtti -fno-exceptions conftest.c >&5
configure:8891: $? = 0
configure:8904: result: yes
configure:9262: checking for clang option to produce PIC
configure:9269: result: -fno-common -DPIC
configure:9277: checking if clang PIC flag -fno-common -DPIC works
configure:9295: clang -c -g -O2  -fno-common -DPIC -DPIC conftest.c >&5
configure:9299: $? = 0
configure:9312: result: yes
configure:9341: checking if clang static flag -static works
configure:9369: result: no
configure:9384: checking if clang supports -c -o file.o
configure:9405: clang -c -g -O2  -o out/conftest2.o conftest.c >&5
configure:9409: $? = 0
configure:9431: result: yes
configure:9439: checking if clang supports -c -o file.o
configure:9486: result: yes
configure:9519: checking whether the clang linker (/Applications/Xcode.app/Contents/Developer/Toolchains/XcodeDefault.xctoolchain/usr/bin/ld) supports shared libraries
configure:10778: result: yes
configure:11018: checking dynamic linker characteristics
configure:11836: result: darwin14.5.0 dyld
configure:11958: checking how to hardcode library paths into programs
configure:11983: result: immediate
configure:12531: checking whether stripping libraries is possible
configure:12545: result: yes
configure:12571: checking if libtool supports shared libraries
configure:12573: result: yes
configure:12576: checking whether to build shared libraries
configure:12601: result: yes
configure:12604: checking whether to build static libraries
configure:12608: result: yes
configure:12631: checking how to run the C++ preprocessor
configure:12658: clang++ -E  conftest.cpp
configure:12658: $? = 0
configure:12672: clang++ -E  conftest.cpp
conftest.cpp:23:10: fatal error: 'ac_nonexistent.h' file not found
#include <ac_nonexistent.h>
         ^
1 error generated.
configure:12672: $? = 1
configure: failed program was:
| /* confdefs.h */
| #define PACKAGE_NAME "protobuf-ml"
| #define PACKAGE_TARNAME "protobuf-ml"
| #define PACKAGE_VERSION "1.0"
| #define PACKAGE_STRING "protobuf-ml 1.0"
| #define PACKAGE_BUGREPORT "daria.dicu@gmail.com"
| #define PACKAGE_URL ""
| #define PACKAGE "protobuf-ml"
| #define VERSION "1.0"
| #define STDC_HEADERS 1
| #define HAVE_SYS_TYPES_H 1
| #define HAVE_SYS_STAT_H 1
| #define HAVE_STDLIB_H 1
| #define HAVE_STRING_H 1
| #define HAVE_MEMORY_H 1
| #define HAVE_STRINGS_H 1
| #define HAVE_INTTYPES_H 1
| #define HAVE_STDINT_H 1
| #define HAVE_UNISTD_H 1
| #define HAVE_DLFCN_H 1
| #define LT_OBJDIR ".libs/"
| /* end confdefs.h.  */
| #include <ac_nonexistent.h>
configure:12697: result: clang++ -E
configure:12717: clang++ -E  conftest.cpp
configure:12717: $? = 0
configure:12731: clang++ -E  conftest.cpp
conftest.cpp:23:10: fatal error: 'ac_nonexistent.h' file not found
#include <ac_nonexistent.h>
         ^
1 error generated.
configure:12731: $? = 1
configure: failed program was:
| /* confdefs.h */
| #define PACKAGE_NAME "protobuf-ml"
| #define PACKAGE_TARNAME "protobuf-ml"
| #define PACKAGE_VERSION "1.0"
| #define PACKAGE_STRING "protobuf-ml 1.0"
| #define PACKAGE_BUGREPORT "daria.dicu@gmail.com"
| #define PACKAGE_URL ""
| #define PACKAGE "protobuf-ml"
| #define VERSION "1.0"
| #define STDC_HEADERS 1
| #define HAVE_SYS_TYPES_H 1
| #define HAVE_SYS_STAT_H 1
| #define HAVE_STDLIB_H 1
| #define HAVE_STRING_H 1
| #define HAVE_MEMORY_H 1
| #define HAVE_STRINGS_H 1
| #define HAVE_INTTYPES_H 1
| #define HAVE_STDINT_H 1
| #define HAVE_UNISTD_H 1
| #define HAVE_DLFCN_H 1
| #define LT_OBJDIR ".libs/"
| /* end confdefs.h.  */
| #include <ac_nonexistent.h>
configure:12893: checking for ld used by clang++
configure:12960: result: /Applications/Xcode.app/Contents/Developer/Toolchains/XcodeDefault.xctoolchain/usr/bin/ld
configure:12967: checking if the linker (/Applications/Xcode.app/Contents/Developer/Toolchains/XcodeDefault.xctoolchain/usr/bin/ld) is GNU ld
configure:12982: result: no
configure:13037: checking whether the clang++ linker (/Applications/Xcode.app/Contents/Developer/Toolchains/XcodeDefault.xctoolchain/usr/bin/ld) supports shared libraries
configure:14110: result: yes
configure:14146: clang++ -c -stdlib=libc++ -O3 -g  conftest.cpp >&5
configure:14149: $? = 0
configure:14630: checking for clang++ option to produce PIC
configure:14637: result: -fno-common -DPIC
configure:14645: checking if clang++ PIC flag -fno-common -DPIC works
configure:14663: clang++ -c -stdlib=libc++ -O3 -g  -fno-common -DPIC -DPIC conftest.cpp >&5
configure:14667: $? = 0
configure:14680: result: yes
configure:14703: checking if clang++ static flag -static works
configure:14731: result: no
configure:14743: checking if clang++ supports -c -o file.o
configure:14764: clang++ -c -stdlib=libc++ -O3 -g  -o out/conftest2.o conftest.cpp >&5
configure:14768: $? = 0
configure:14790: result: yes
configure:14795: checking if clang++ supports -c -o file.o
configure:14842: result: yes
configure:14872: checking whether the clang++ linker (/Applications/Xcode.app/Contents/Developer/Toolchains/XcodeDefault.xctoolchain/usr/bin/ld) supports shared libraries
configure:14912: result: yes
configure:15053: checking dynamic linker characteristics
configure:15798: result: darwin14.5.0 dyld
configure:15863: checking how to hardcode library paths into programs
configure:15888: result: immediate
configure:15952: checking for ANSI C header files
configure:16056: result: yes
configure:16067: checking fcntl.h usability
configure:16067: clang++ -c -stdlib=libc++ -O3 -g  conftest.cpp >&5
configure:16067: $? = 0
configure:16067: result: yes
configure:16067: checking fcntl.h presence
configure:16067: clang++ -E  conftest.cpp
configure:16067: $? = 0
configure:16067: result: yes
configure:16067: checking for fcntl.h
configure:16067: result: yes
configure:16067: checking for inttypes.h
configure:16067: result: yes
configure:16067: checking limits.h usability
configure:16067: clang++ -c -stdlib=libc++ -O3 -g  conftest.cpp >&5
configure:16067: $? = 0
configure:16067: result: yes
configure:16067: checking limits.h presence
configure:16067: clang++ -E  conftest.cpp
configure:16067: $? = 0
configure:16067: result: yes
configure:16067: checking for limits.h
configure:16067: result: yes
configure:16067: checking for stdlib.h
configure:16067: result: yes
configure:16067: checking for unistd.h
configure:16067: result: yes
configure:16079: checking for working memcmp
configure:16122: clang++ -o conftest -stdlib=libc++ -O3 -g   conftest.cpp  >&5
configure:16122: $? = 0
configure:16122: ./conftest
configure:16122: $? = 0
configure:16132: result: yes
configure:16141: checking for working strtod
configure:16182: clang++ -o conftest -stdlib=libc++ -O3 -g   conftest.cpp  >&5
conftest.cpp:71:20: warning: conversion from string literal to 'char *' is deprecated [-Wc++11-compat-deprecated-writable-strings]
    char *string = " +69";
                   ^
conftest.cpp:82:20: warning: conversion from string literal to 'char *' is deprecated [-Wc++11-compat-deprecated-writable-strings]
    char *string = "NaN";
                   ^
2 warnings generated.
configure:16182: $? = 0
configure:16182: ./conftest
configure:16182: $? = 0
configure:16192: result: yes
configure:16257: checking for ftruncate
configure:16257: clang++ -o conftest -stdlib=libc++ -O3 -g   conftest.cpp  >&5
configure:16257: $? = 0
configure:16257: result: yes
configure:16257: checking for memset
configure:16257: clang++ -o conftest -stdlib=libc++ -O3 -g   conftest.cpp  >&5
configure:16257: $? = 0
configure:16257: result: yes
configure:16257: checking for mkdir
configure:16257: clang++ -o conftest -stdlib=libc++ -O3 -g   conftest.cpp  >&5
configure:16257: $? = 0
configure:16257: result: yes
configure:16257: checking for strchr
configure:16257: clang++ -o conftest -stdlib=libc++ -O3 -g   conftest.cpp  >&5
configure:16257: $? = 0
configure:16257: result: yes
configure:16257: checking for strerror
configure:16257: clang++ -o conftest -stdlib=libc++ -O3 -g   conftest.cpp  >&5
configure:16257: $? = 0
configure:16257: result: yes
configure:16257: checking for strtol
configure:16257: clang++ -o conftest -stdlib=libc++ -O3 -g   conftest.cpp  >&5
configure:16257: $? = 0
configure:16257: result: yes
configure:16268: checking google/protobuf/stubs/common.h usability
configure:16268: clang++ -c -stdlib=libc++ -O3 -g  conftest.cpp >&5
configure:16268: $? = 0
configure:16268: result: yes
configure:16268: checking google/protobuf/stubs/common.h presence
configure:16268: clang++ -E  conftest.cpp
configure:16268: $? = 0
configure:16268: result: yes
configure:16268: checking for google/protobuf/stubs/common.h
configure:16268: result: yes
configure:16302: clang++ -o conftest -stdlib=libc++ -O3 -g   conftest.cpp  -lprotoc -lprotobuf -lpthread >&5
configure:16302: $? = 0
configure:16425: checking that generated files are newer than configure
configure:16431: result: done
configure:16458: creating ./config.status

## ---------------------- ##
## Running config.status. ##
## ---------------------- ##

This file was extended by protobuf-ml config.status 1.0, which was
generated by GNU Autoconf 2.69.  Invocation command line was

  CONFIG_FILES    = 
  CONFIG_HEADERS  = 
  CONFIG_LINKS    = 
  CONFIG_COMMANDS = 
  $ ./config.status 

on did23.sid.private.cam.ac.uk

config.status:1161: creating Makefile
config.status:1161: creating src/compiler/Makefile
config.status:1161: creating config.h
config.status:1342: config.h is unchanged
config.status:1390: executing depfiles commands
config.status:1390: executing libtool commands

## ---------------- ##
## Cache variables. ##
## ---------------- ##

ac_cv_build=x86_64-apple-darwin14.5.0
ac_cv_c_compiler_gnu=yes
ac_cv_cxx_compiler_gnu=yes
ac_cv_env_CCC_set=
ac_cv_env_CCC_value=
ac_cv_env_CC_set=set
ac_cv_env_CC_value=clang
ac_cv_env_CFLAGS_set=
ac_cv_env_CFLAGS_value=
ac_cv_env_CPPFLAGS_set=
ac_cv_env_CPPFLAGS_value=
ac_cv_env_CPP_set=
ac_cv_env_CPP_value=
ac_cv_env_CXXCPP_set=
ac_cv_env_CXXCPP_value=
ac_cv_env_CXXFLAGS_set=set
ac_cv_env_CXXFLAGS_value='-stdlib=libc++ -O3 -g'
ac_cv_env_CXX_set=set
ac_cv_env_CXX_value=clang++
ac_cv_env_LDFLAGS_set=
ac_cv_env_LDFLAGS_value=
ac_cv_env_LIBS_set=
ac_cv_env_LIBS_value=
ac_cv_env_LT_SYS_LIBRARY_PATH_set=
ac_cv_env_LT_SYS_LIBRARY_PATH_value=
ac_cv_env_build_alias_set=
ac_cv_env_build_alias_value=
ac_cv_env_host_alias_set=
ac_cv_env_host_alias_value=
ac_cv_env_target_alias_set=
ac_cv_env_target_alias_value=
ac_cv_func_ftruncate=yes
ac_cv_func_memcmp_working=yes
ac_cv_func_memset=yes
ac_cv_func_mkdir=yes
ac_cv_func_strchr=yes
ac_cv_func_strerror=yes
ac_cv_func_strtod=yes
ac_cv_func_strtol=yes
ac_cv_header_dlfcn_h=yes
ac_cv_header_fcntl_h=yes
ac_cv_header_google_protobuf_stubs_common_h=yes
ac_cv_header_inttypes_h=yes
ac_cv_header_limits_h=yes
ac_cv_header_memory_h=yes
ac_cv_header_stdc=yes
ac_cv_header_stdint_h=yes
ac_cv_header_stdlib_h=yes
ac_cv_header_string_h=yes
ac_cv_header_strings_h=yes
ac_cv_header_sys_stat_h=yes
ac_cv_header_sys_types_h=yes
ac_cv_header_unistd_h=yes
ac_cv_host=x86_64-apple-darwin14.5.0
ac_cv_objext=o
ac_cv_path_EGREP='/usr/bin/grep -E'
ac_cv_path_FGREP='/usr/bin/grep -F'
ac_cv_path_GREP=/usr/bin/grep
ac_cv_path_SED=/usr/bin/sed
ac_cv_path_install='/usr/bin/install -c'
ac_cv_path_lt_DD=/bin/dd
ac_cv_prog_AWK=awk
ac_cv_prog_CPP='clang -E'
ac_cv_prog_CXXCPP='clang++ -E'
ac_cv_prog_ac_ct_AR=ar
ac_cv_prog_ac_ct_CC=clang
ac_cv_prog_ac_ct_DSYMUTIL=dsymutil
ac_cv_prog_ac_ct_LIPO=lipo
ac_cv_prog_ac_ct_NMEDIT=nmedit
ac_cv_prog_ac_ct_OTOOL=otool
ac_cv_prog_ac_ct_RANLIB=ranlib
ac_cv_prog_ac_ct_STRIP=strip
ac_cv_prog_cc_c89=
ac_cv_prog_cc_g=yes
ac_cv_prog_cxx_g=yes
ac_cv_prog_make_make_set=yes
ac_cv_target=x86_64-apple-darwin14.5.0
am_cv_CC_dependencies_compiler_type=gcc3
am_cv_CXX_dependencies_compiler_type=gcc3
am_cv_make_support_nested_variables=yes
am_cv_prog_cc_c_o=yes
lt_cv_apple_cc_single_mod=yes
lt_cv_ar_at_file=no
lt_cv_deplibs_check_method=pass_all
lt_cv_file_magic_cmd='$MAGIC_CMD'
lt_cv_file_magic_test_file=
lt_cv_ld_exported_symbols_list=yes
lt_cv_ld_force_load=yes
lt_cv_ld_reload_flag=-r
lt_cv_nm_interface='BSD nm'
lt_cv_objdir=.libs
lt_cv_path_LD=/Applications/Xcode.app/Contents/Developer/Toolchains/XcodeDefault.xctoolchain/usr/bin/ld
lt_cv_path_LDCXX=/Applications/Xcode.app/Contents/Developer/Toolchains/XcodeDefault.xctoolchain/usr/bin/ld
lt_cv_path_NM=/usr/bin/nm
lt_cv_path_mainfest_tool=no
lt_cv_prog_compiler_c_o=yes
lt_cv_prog_compiler_c_o_CXX=yes
lt_cv_prog_compiler_pic='-fno-common -DPIC'
lt_cv_prog_compiler_pic_CXX='-fno-common -DPIC'
lt_cv_prog_compiler_pic_works=yes
lt_cv_prog_compiler_pic_works_CXX=yes
lt_cv_prog_compiler_rtti_exceptions=yes
lt_cv_prog_compiler_static_works=no
lt_cv_prog_compiler_static_works_CXX=no
lt_cv_prog_gnu_ld=no
lt_cv_prog_gnu_ldcxx=no
lt_cv_sharedlib_from_linklib_cmd='printf %s\n'
lt_cv_sys_global_symbol_pipe='sed -n -e '\''s/^.*[	 ]\([BCDEGRST][BCDEGRST]*\)[	 ][	 ]*_\([_A-Za-z][_A-Za-z0-9]*\)$/\1 _\2 \2/p'\'' | sed '\''/ __gnu_lto/d'\'''
lt_cv_sys_global_symbol_to_c_name_address='sed -n -e '\''s/^: \(.*\) .*$/  {"\1", (void *) 0},/p'\'' -e '\''s/^[BCDEGRST][BCDEGRST]* .* \(.*\)$/  {"\1", (void *) \&\1},/p'\'''
lt_cv_sys_global_symbol_to_c_name_address_lib_prefix='sed -n -e '\''s/^: \(.*\) .*$/  {"\1", (void *) 0},/p'\'' -e '\''s/^[BCDEGRST][BCDEGRST]* .* \(lib.*\)$/  {"\1", (void *) \&\1},/p'\'' -e '\''s/^[BCDEGRST][BCDEGRST]* .* \(.*\)$/  {"lib\1", (void *) \&\1},/p'\'''
lt_cv_sys_global_symbol_to_cdecl='sed -n -e '\''s/^T .* \(.*\)$/extern int \1();/p'\'' -e '\''s/^[BCDEGRST][BCDEGRST]* .* \(.*\)$/extern char \1;/p'\'''
lt_cv_sys_global_symbol_to_import=
lt_cv_sys_max_cmd_len=196608
lt_cv_to_host_file_cmd=func_convert_file_noop
lt_cv_to_tool_file_cmd=func_convert_file_noop
lt_cv_truncate_bin='/bin/dd bs=4096 count=1'

## ----------------- ##
## Output variables. ##
## ----------------- ##

ACLOCAL='${SHELL} /Users/dariadicu/Documents/my-protobuf-ml/missing aclocal-1.15'
AMDEPBACKSLASH='\'
AMDEP_FALSE='#'
AMDEP_TRUE=''
AMTAR='$${TAR-tar}'
AM_BACKSLASH='\'
AM_DEFAULT_V='$(AM_DEFAULT_VERBOSITY)'
AM_DEFAULT_VERBOSITY='1'
AM_V='$(V)'
AR='ar'
AUTOCONF='${SHELL} /Users/dariadicu/Documents/my-protobuf-ml/missing autoconf'
AUTOHEADER='${SHELL} /Users/dariadicu/Documents/my-protobuf-ml/missing autoheader'
AUTOMAKE='${SHELL} /Users/dariadicu/Documents/my-protobuf-ml/missing automake-1.15'
AWK='awk'
CC='clang'
CCDEPMODE='depmode=gcc3'
CFLAGS='-g -O2 -DOBJC_ARC'
CPP='clang -E'
CPPFLAGS=''
CXX='clang++'
CXXCPP='clang++ -E'
CXXDEPMODE='depmode=gcc3'
CXXFLAGS='-stdlib=libc++ -O3 -g'
CYGPATH_W='echo'
DEFS='-DHAVE_CONFIG_H'
DEPDIR='.deps'
DLLTOOL='false'
DSYMUTIL='dsymutil'
DUMPBIN=''
ECHO_C='\c'
ECHO_N=''
ECHO_T=''
EGREP='/usr/bin/grep -E'
EXEEXT=''
FGREP='/usr/bin/grep -F'
GREP='/usr/bin/grep'
INSTALL_DATA='${INSTALL} -m 644'
INSTALL_PROGRAM='${INSTALL}'
INSTALL_SCRIPT='${INSTALL}'
INSTALL_STRIP_PROGRAM='$(install_sh) -c -s'
LD='/Applications/Xcode.app/Contents/Developer/Toolchains/XcodeDefault.xctoolchain/usr/bin/ld'
LDFLAGS=''
LIBOBJS=''
LIBS=''
LIBTOOL='$(SHELL) $(top_builddir)/libtool'
LIPO='lipo'
LN_S='ln -s'
LTLIBOBJS=''
LT_SYS_LIBRARY_PATH=''
MAKEINFO='${SHELL} /Users/dariadicu/Documents/my-protobuf-ml/missing makeinfo'
MANIFEST_TOOL=':'
MKDIR_P='./install-sh -c -d'
NM='/usr/bin/nm'
NMEDIT='nmedit'
OBJDUMP='false'
OBJEXT='o'
OTOOL64=':'
OTOOL='otool'
PACKAGE='protobuf-ml'
PACKAGE_BUGREPORT='daria.dicu@gmail.com'
PACKAGE_NAME='protobuf-ml'
PACKAGE_STRING='protobuf-ml 1.0'
PACKAGE_TARNAME='protobuf-ml'
PACKAGE_URL=''
PACKAGE_VERSION='1.0'
PATH_SEPARATOR=':'
POW_LIB=''
RANLIB='ranlib'
SED='/usr/bin/sed'
SET_MAKE=''
SHELL='/bin/sh'
STRIP='strip'
VERSION='1.0'
ac_ct_AR='ar'
ac_ct_CC='clang'
ac_ct_CXX=''
ac_ct_DUMPBIN=''
am__EXEEXT_FALSE=''
am__EXEEXT_TRUE='#'
am__fastdepCC_FALSE='#'
am__fastdepCC_TRUE=''
am__fastdepCXX_FALSE='#'
am__fastdepCXX_TRUE=''
am__include='include'
am__isrc=''
am__leading_dot='.'
am__nodep='_no'
am__quote=''
am__tar='$${TAR-tar} chof - "$$tardir"'
am__untar='$${TAR-tar} xf -'
bindir='${exec_prefix}/bin'
build='x86_64-apple-darwin14.5.0'
build_alias=''
build_cpu='x86_64'
build_os='darwin14.5.0'
build_vendor='apple'
datadir='${datarootdir}'
datarootdir='${prefix}/share'
docdir='${datarootdir}/doc/${PACKAGE_TARNAME}'
dvidir='${docdir}'
exec_prefix='${prefix}'
host='x86_64-apple-darwin14.5.0'
host_alias=''
host_cpu='x86_64'
host_os='darwin14.5.0'
host_vendor='apple'
htmldir='${docdir}'
includedir='${prefix}/include'
infodir='${datarootdir}/info'
install_sh='${SHELL} /Users/dariadicu/Documents/my-protobuf-ml/install-sh'
libdir='${exec_prefix}/lib'
libexecdir='${exec_prefix}/libexec'
localedir='${datarootdir}/locale'
localstatedir='${prefix}/var'
mandir='${datarootdir}/man'
mkdir_p='$(MKDIR_P)'
oldincludedir='/usr/include'
pdfdir='${docdir}'
prefix='/usr/local'
program_transform_name='s,x,x,'
psdir='${docdir}'
sbindir='${exec_prefix}/sbin'
sharedstatedir='${prefix}/com'
sysconfdir='${prefix}/etc'
target='x86_64-apple-darwin14.5.0'
target_alias=''
target_cpu='x86_64'
target_os='darwin14.5.0'
target_vendor='apple'

## ----------- ##
## confdefs.h. ##
## ----------- ##

/* confdefs.h */
#define PACKAGE_NAME "protobuf-ml"
#define PACKAGE_TARNAME "protobuf-ml"
#define PACKAGE_VERSION "1.0"
#define PACKAGE_STRING "protobuf-ml 1.0"
#define PACKAGE_BUGREPORT "daria.dicu@gmail.com"
#define PACKAGE_URL ""
#define PACKAGE "protobuf-ml"
#define VERSION "1.0"
#define STDC_HEADERS 1
#define HAVE_SYS_TYPES_H 1
#define HAVE_SYS_STAT_H 1
#define HAVE_STDLIB_H 1
#define HAVE_STRING_H 1
#define HAVE_MEMORY_H 1
#define HAVE_STRINGS_H 1
#define HAVE_INTTYPES_H 1
#define HAVE_STDINT_H 1
#define HAVE_UNISTD_H 1
#define HAVE_DLFCN_H 1
#define LT_OBJDIR ".libs/"
#define STDC_HEADERS 1
#define HAVE_FCNTL_H 1
#define HAVE_INTTYPES_H 1
#define HAVE_LIMITS_H 1
#define HAVE_STDLIB_H 1
#define HAVE_UNISTD_H 1
#define HAVE_FTRUNCATE 1
#define HAVE_MEMSET 1
#define HAVE_MKDIR 1
#define HAVE_STRCHR 1
#define HAVE_STRERROR 1
#define HAVE_STRTOL 1

configure: exit 0
